<?xml version="1.0" encoding="UTF-8"?>
<coverage generated="1734699970682" clover="3.2.0">
  <project timestamp="1734699970682" name="All files">
    <metrics statements="64" coveredstatements="59" conditionals="12" coveredconditionals="9" methods="15" coveredmethods="12" elements="91" coveredelements="80" complexity="0" loc="64" ncloc="64" packages="1" files="2" classes="2"/>
    <file name="LaunchDialog.tsx" path="/Users/danielshaw/code/DanielShaw98/Code Tests/spacex-launch-data/src/components/LaunchDialog.tsx">
      <metrics statements="16" coveredstatements="16" conditionals="7" coveredconditionals="5" methods="3" coveredmethods="3"/>
      <line num="2" count="2" type="stmt"/>
      <line num="3" count="2" type="stmt"/>
      <line num="4" count="2" type="stmt"/>
      <line num="5" count="2" type="stmt"/>
      <line num="6" count="2" type="stmt"/>
      <line num="7" count="2" type="stmt"/>
      <line num="8" count="2" type="stmt"/>
      <line num="10" count="2" type="stmt"/>
      <line num="12" count="2" type="stmt"/>
      <line num="17" count="10" type="stmt"/>
      <line num="19" count="10" type="stmt"/>
      <line num="20" count="1" type="cond" truecount="1" falsecount="0"/>
      <line num="21" count="1" type="stmt"/>
      <line num="25" count="10" type="stmt"/>
      <line num="38" count="4" type="stmt"/>
      <line num="91" count="2" type="stmt"/>
    </file>
    <file name="LaunchTable.tsx" path="/Users/danielshaw/code/DanielShaw98/Code Tests/spacex-launch-data/src/components/LaunchTable.tsx">
      <metrics statements="48" coveredstatements="43" conditionals="5" coveredconditionals="4" methods="12" coveredmethods="9"/>
      <line num="1" count="1" type="stmt"/>
      <line num="2" count="1" type="stmt"/>
      <line num="3" count="1" type="stmt"/>
      <line num="4" count="1" type="stmt"/>
      <line num="5" count="1" type="stmt"/>
      <line num="6" count="1" type="stmt"/>
      <line num="7" count="1" type="stmt"/>
      <line num="8" count="1" type="stmt"/>
      <line num="9" count="1" type="stmt"/>
      <line num="10" count="1" type="stmt"/>
      <line num="14" count="1" type="stmt"/>
      <line num="16" count="1" type="stmt"/>
      <line num="23" count="1" type="stmt"/>
      <line num="24" count="9" type="stmt"/>
      <line num="25" count="8" type="stmt"/>
      <line num="26" count="8" type="stmt"/>
      <line num="27" count="8" type="stmt"/>
      <line num="28" count="8" type="stmt"/>
      <line num="29" count="8" type="stmt"/>
      <line num="31" count="8" type="stmt"/>
      <line num="32" count="4" type="stmt"/>
      <line num="33" count="4" type="stmt"/>
      <line num="34" count="4" type="stmt"/>
      <line num="35" count="3" type="stmt"/>
      <line num="37" count="1" type="stmt"/>
      <line num="38" count="1" type="stmt"/>
      <line num="42" count="4" type="stmt"/>
      <line num="45" count="8" type="cond" truecount="1" falsecount="0"/>
      <line num="46" count="1" type="stmt"/>
      <line num="49" count="7" type="stmt"/>
      <line num="50" count="0" type="stmt"/>
      <line num="53" count="7" type="stmt"/>
      <line num="56" count="0" type="stmt"/>
      <line num="57" count="0" type="stmt"/>
      <line num="60" count="7" type="stmt"/>
      <line num="61" count="1" type="stmt"/>
      <line num="62" count="1" type="stmt"/>
      <line num="64" count="1" type="stmt"/>
      <line num="65" count="1" type="stmt"/>
      <line num="68" count="7" type="stmt"/>
      <line num="69" count="0" type="stmt"/>
      <line num="70" count="0" type="stmt"/>
      <line num="73" count="7" type="stmt"/>
      <line num="80" count="28" type="stmt"/>
      <line num="94" count="4" type="stmt"/>
      <line num="99" count="1" type="stmt"/>
      <line num="104" count="16" type="cond" truecount="2" falsecount="0"/>
      <line num="107" count="16" type="stmt"/>
    </file>
  </project>
</coverage>
