<?xml version="1.0" encoding="UTF-8"?>
<coverage generated="1734540043406" clover="3.2.0">
  <project timestamp="1734540043406" name="All files">
    <metrics statements="53" coveredstatements="47" conditionals="10" coveredconditionals="7" methods="14" coveredmethods="11" elements="77" coveredelements="65" complexity="0" loc="53" ncloc="53" packages="1" files="2" classes="2"/>
    <file name="LaunchDialog.tsx" path="/Users/danielshaw/code/DanielShaw98/Code Tests/spacex-launch-data/src/components/LaunchDialog.tsx">
      <metrics statements="10" coveredstatements="10" conditionals="6" coveredconditionals="4" methods="2" coveredmethods="2"/>
      <line num="2" count="2" type="stmt"/>
      <line num="3" count="2" type="stmt"/>
      <line num="4" count="2" type="stmt"/>
      <line num="5" count="2" type="stmt"/>
      <line num="6" count="2" type="stmt"/>
      <line num="7" count="2" type="stmt"/>
      <line num="10" count="2" type="stmt"/>
      <line num="11" count="8" type="stmt"/>
      <line num="24" count="3" type="stmt"/>
      <line num="50" count="2" type="stmt"/>
    </file>
    <file name="LaunchTable.tsx" path="/Users/danielshaw/code/DanielShaw98/Code Tests/spacex-launch-data/src/components/LaunchTable.tsx">
      <metrics statements="43" coveredstatements="37" conditionals="4" coveredconditionals="3" methods="12" coveredmethods="9"/>
      <line num="1" count="1" type="stmt"/>
      <line num="2" count="1" type="stmt"/>
      <line num="3" count="1" type="stmt"/>
      <line num="4" count="1" type="stmt"/>
      <line num="5" count="1" type="stmt"/>
      <line num="6" count="1" type="stmt"/>
      <line num="7" count="1" type="stmt"/>
      <line num="8" count="1" type="stmt"/>
      <line num="9" count="1" type="stmt"/>
      <line num="10" count="1" type="stmt"/>
      <line num="14" count="1" type="stmt"/>
      <line num="16" count="1" type="stmt"/>
      <line num="23" count="1" type="stmt"/>
      <line num="24" count="7" type="stmt"/>
      <line num="25" count="6" type="stmt"/>
      <line num="26" count="6" type="stmt"/>
      <line num="27" count="6" type="stmt"/>
      <line num="28" count="6" type="stmt"/>
      <line num="30" count="6" type="stmt"/>
      <line num="31" count="3" type="stmt"/>
      <line num="32" count="3" type="stmt"/>
      <line num="33" count="3" type="stmt"/>
      <line num="34" count="3" type="stmt"/>
      <line num="36" count="0" type="stmt"/>
      <line num="40" count="3" type="stmt"/>
      <line num="43" count="6" type="stmt"/>
      <line num="44" count="0" type="stmt"/>
      <line num="47" count="6" type="stmt"/>
      <line num="48" count="0" type="stmt"/>
      <line num="49" count="0" type="stmt"/>
      <line num="52" count="6" type="stmt"/>
      <line num="53" count="1" type="stmt"/>
      <line num="54" count="1" type="stmt"/>
      <line num="55" count="1" type="stmt"/>
      <line num="58" count="6" type="stmt"/>
      <line num="59" count="0" type="stmt"/>
      <line num="60" count="0" type="stmt"/>
      <line num="63" count="6" type="stmt"/>
      <line num="70" count="24" type="stmt"/>
      <line num="84" count="4" type="stmt"/>
      <line num="89" count="1" type="stmt"/>
      <line num="93" count="16" type="cond" truecount="2" falsecount="0"/>
      <line num="96" count="16" type="stmt"/>
    </file>
  </project>
</coverage>
