{"/Users/danielshaw/code/DanielShaw98/Code Tests/spacex-launch-data/src/components/LaunchDialog.tsx": {"path":"/Users/danielshaw/code/DanielShaw98/Code Tests/spacex-launch-data/src/components/LaunchDialog.tsx","statementMap":{"0":{"start":{"line":2,"column":0},"end":{"line":2,"column":42}},"1":{"start":{"line":3,"column":0},"end":{"line":3,"column":52}},"2":{"start":{"line":4,"column":0},"end":{"line":4,"column":56}},"3":{"start":{"line":5,"column":0},"end":{"line":5,"column":50}},"4":{"start":{"line":6,"column":0},"end":{"line":6,"column":50}},"5":{"start":{"line":7,"column":0},"end":{"line":7,"column":50}},"6":{"start":{"line":8,"column":0},"end":{"line":8,"column":42}},"7":{"start":{"line":10,"column":0},"end":{"line":10,"column":47}},"8":{"start":{"line":12,"column":50},"end":{"line":89,"column":1}},"9":{"start":{"line":17,"column":19},"end":{"line":17,"column":32}},"10":{"start":{"line":19,"column":28},"end":{"line":23,"column":3}},"11":{"start":{"line":20,"column":4},"end":{"line":22,"column":5}},"12":{"start":{"line":21,"column":6},"end":{"line":21,"column":47}},"13":{"start":{"line":25,"column":2},"end":{"line":88,"column":4}},"14":{"start":{"line":38,"column":30},"end":{"line":38,"column":53}},"15":{"start":{"line":91,"column":0},"end":{"line":91,"column":28}}},"fnMap":{"0":{"name":"(anonymous_1)","decl":{"start":{"line":12,"column":50},"end":{"line":12,"column":51}},"loc":{"start":{"line":16,"column":5},"end":{"line":89,"column":1}}},"1":{"name":"(anonymous_2)","decl":{"start":{"line":19,"column":28},"end":{"line":19,"column":31}},"loc":{"start":{"line":19,"column":33},"end":{"line":23,"column":3}}},"2":{"name":"(anonymous_3)","decl":{"start":{"line":38,"column":19},"end":{"line":38,"column":20}},"loc":{"start":{"line":38,"column":30},"end":{"line":38,"column":53}}}},"branchMap":{"0":{"loc":{"start":{"line":20,"column":4},"end":{"line":22,"column":5}},"type":"if","locations":[{"start":{"line":20,"column":4},"end":{"line":22,"column":5}}]},"1":{"loc":{"start":{"line":52,"column":9},"end":{"line":73,"column":null}},"type":"binary-expr","locations":[{"start":{"line":52,"column":9},"end":{"line":52,"column":23}},{"start":{"line":53,"column":10},"end":{"line":72,"column":null}}]},"2":{"loc":{"start":{"line":68,"column":23},"end":{"line":68,"column":68}},"type":"cond-expr","locations":[{"start":{"line":68,"column":48},"end":{"line":68,"column":57}},{"start":{"line":68,"column":60},"end":{"line":68,"column":68}}]},"3":{"loc":{"start":{"line":71,"column":24},"end":{"line":71,"column":72}},"type":"binary-expr","locations":[{"start":{"line":71,"column":24},"end":{"line":71,"column":46}},{"start":{"line":71,"column":50},"end":{"line":71,"column":72}}]}},"s":{"0":2,"1":2,"2":2,"3":2,"4":2,"5":2,"6":2,"7":2,"8":2,"9":10,"10":10,"11":1,"12":1,"13":10,"14":4,"15":2},"f":{"0":10,"1":1,"2":4},"b":{"0":[1],"1":[10,4],"2":[0,4],"3":[4,0]}}
,"/Users/danielshaw/code/DanielShaw98/Code Tests/spacex-launch-data/src/components/LaunchTable.tsx": {"path":"/Users/danielshaw/code/DanielShaw98/Code Tests/spacex-launch-data/src/components/LaunchTable.tsx","statementMap":{"0":{"start":{"line":23,"column":0},"end":{"line":23,"column":24}},"1":{"start":{"line":1,"column":0},"end":{"line":1,"column":51}},"2":{"start":{"line":2,"column":0},"end":{"line":2,"column":40}},"3":{"start":{"line":3,"column":0},"end":{"line":3,"column":40}},"4":{"start":{"line":4,"column":0},"end":{"line":4,"column":48}},"5":{"start":{"line":5,"column":0},"end":{"line":5,"column":48}},"6":{"start":{"line":6,"column":0},"end":{"line":6,"column":58}},"7":{"start":{"line":7,"column":0},"end":{"line":7,"column":48}},"8":{"start":{"line":8,"column":0},"end":{"line":8,"column":60}},"9":{"start":{"line":9,"column":0},"end":{"line":9,"column":46}},"10":{"start":{"line":10,"column":0},"end":{"line":10,"column":49}},"11":{"start":{"line":14,"column":0},"end":{"line":14,"column":42}},"12":{"start":{"line":16,"column":35},"end":{"line":21,"column":2}},"13":{"start":{"line":24,"column":34},"end":{"line":24,"column":65}},"14":{"start":{"line":25,"column":26},"end":{"line":25,"column":37}},"15":{"start":{"line":26,"column":40},"end":{"line":26,"column":52}},"16":{"start":{"line":27,"column":38},"end":{"line":27,"column":53}},"17":{"start":{"line":28,"column":46},"end":{"line":28,"column":79}},"18":{"start":{"line":29,"column":28},"end":{"line":29,"column":63}},"19":{"start":{"line":31,"column":2},"end":{"line":43,"column":9}},"20":{"start":{"line":32,"column":24},"end":{"line":40,"column":5}},"21":{"start":{"line":33,"column":6},"end":{"line":39,"column":7}},"22":{"start":{"line":34,"column":21},"end":{"line":34,"column":42}},"23":{"start":{"line":35,"column":8},"end":{"line":35,"column":26}},"24":{"start":{"line":37,"column":8},"end":{"line":37,"column":57}},"25":{"start":{"line":38,"column":8},"end":{"line":38,"column":45}},"26":{"start":{"line":42,"column":4},"end":{"line":42,"column":18}},"27":{"start":{"line":45,"column":2},"end":{"line":47,"column":3}},"28":{"start":{"line":46,"column":4},"end":{"line":46,"column":30}},"29":{"start":{"line":49,"column":27},"end":{"line":51,"column":3}},"30":{"start":{"line":50,"column":4},"end":{"line":50,"column":21}},"31":{"start":{"line":53,"column":34},"end":{"line":58,"column":3}},"32":{"start":{"line":56,"column":4},"end":{"line":56,"column":40}},"33":{"start":{"line":57,"column":4},"end":{"line":57,"column":15}},"34":{"start":{"line":60,"column":25},"end":{"line":66,"column":3}},"35":{"start":{"line":61,"column":27},"end":{"line":62,"column":null}},"36":{"start":{"line":62,"column":13},"end":{"line":62,"column":31}},"37":{"start":{"line":64,"column":4},"end":{"line":64,"column":38}},"38":{"start":{"line":65,"column":4},"end":{"line":65,"column":24}},"39":{"start":{"line":68,"column":28},"end":{"line":71,"column":3}},"40":{"start":{"line":69,"column":4},"end":{"line":69,"column":25}},"41":{"start":{"line":70,"column":4},"end":{"line":70,"column":28}},"42":{"start":{"line":73,"column":2},"end":{"line":133,"column":4}},"43":{"start":{"line":80,"column":16},"end":{"line":81,"column":null}},"44":{"start":{"line":94,"column":16},"end":{"line":98,"column":null}},"45":{"start":{"line":99,"column":33},"end":{"line":99,"column":55}},"46":{"start":{"line":104,"column":22},"end":{"line":106,"column":43}},"47":{"start":{"line":107,"column":20},"end":{"line":111,"column":22}}},"fnMap":{"0":{"name":"LaunchTable","decl":{"start":{"line":23,"column":24},"end":{"line":23,"column":35}},"loc":{"start":{"line":23,"column":35},"end":{"line":134,"column":1}}},"1":{"name":"(anonymous_8)","decl":{"start":{"line":31,"column":12},"end":{"line":31,"column":15}},"loc":{"start":{"line":31,"column":17},"end":{"line":43,"column":3}}},"2":{"name":"(anonymous_9)","decl":{"start":{"line":32,"column":24},"end":{"line":32,"column":29}},"loc":{"start":{"line":32,"column":35},"end":{"line":40,"column":5}}},"3":{"name":"(anonymous_10)","decl":{"start":{"line":49,"column":27},"end":{"line":49,"column":28}},"loc":{"start":{"line":49,"column":59},"end":{"line":51,"column":3}}},"4":{"name":"(anonymous_11)","decl":{"start":{"line":53,"column":34},"end":{"line":53,"column":null}},"loc":{"start":{"line":55,"column":6},"end":{"line":58,"column":3}}},"5":{"name":"(anonymous_12)","decl":{"start":{"line":60,"column":25},"end":{"line":60,"column":26}},"loc":{"start":{"line":60,"column":53},"end":{"line":66,"column":3}}},"6":{"name":"(anonymous_13)","decl":{"start":{"line":62,"column":6},"end":{"line":62,"column":7}},"loc":{"start":{"line":62,"column":13},"end":{"line":62,"column":31}}},"7":{"name":"(anonymous_14)","decl":{"start":{"line":68,"column":28},"end":{"line":68,"column":31}},"loc":{"start":{"line":68,"column":33},"end":{"line":71,"column":3}}},"8":{"name":"(anonymous_15)","decl":{"start":{"line":79,"column":27},"end":{"line":79,"column":28}},"loc":{"start":{"line":80,"column":16},"end":{"line":81,"column":null}}},"9":{"name":"(anonymous_16)","decl":{"start":{"line":93,"column":19},"end":{"line":93,"column":20}},"loc":{"start":{"line":94,"column":16},"end":{"line":98,"column":null}}},"10":{"name":"(anonymous_17)","decl":{"start":{"line":99,"column":27},"end":{"line":99,"column":30}},"loc":{"start":{"line":99,"column":33},"end":{"line":99,"column":55}}},"11":{"name":"(anonymous_18)","decl":{"start":{"line":102,"column":31},"end":{"line":102,"column":32}},"loc":{"start":{"line":102,"column":42},"end":{"line":112,"column":19}}}},"branchMap":{"0":{"loc":{"start":{"line":45,"column":2},"end":{"line":47,"column":3}},"type":"if","locations":[{"start":{"line":45,"column":2},"end":{"line":47,"column":3}}]},"1":{"loc":{"start":{"line":104,"column":22},"end":{"line":106,"column":43}},"type":"cond-expr","locations":[{"start":{"line":105,"column":26},"end":{"line":105,"column":72}},{"start":{"line":106,"column":26},"end":{"line":106,"column":43}}]},"2":{"loc":{"start":{"line":109,"column":25},"end":{"line":109,"column":39}},"type":"binary-expr","locations":[{"start":{"line":109,"column":25},"end":{"line":109,"column":30}},{"start":{"line":109,"column":34},"end":{"line":109,"column":39}}]}},"s":{"0":1,"1":1,"2":1,"3":1,"4":1,"5":1,"6":1,"7":1,"8":1,"9":1,"10":1,"11":1,"12":1,"13":9,"14":8,"15":8,"16":8,"17":8,"18":8,"19":8,"20":4,"21":4,"22":4,"23":3,"24":1,"25":1,"26":4,"27":8,"28":1,"29":7,"30":0,"31":7,"32":0,"33":0,"34":7,"35":1,"36":1,"37":1,"38":1,"39":7,"40":0,"41":0,"42":7,"43":28,"44":4,"45":1,"46":16,"47":16},"f":{"0":9,"1":4,"2":4,"3":0,"4":0,"5":1,"6":1,"7":0,"8":28,"9":4,"10":1,"11":16},"b":{"0":[1],"1":[4,12],"2":[16,0]}}
}
