{"/Users/danielshaw/code/DanielShaw98/Code Tests/spacex-launch-data/src/components/LaunchDialog.tsx": {"path":"/Users/danielshaw/code/DanielShaw98/Code Tests/spacex-launch-data/src/components/LaunchDialog.tsx","statementMap":{"0":{"start":{"line":2,"column":0},"end":{"line":2,"column":42}},"1":{"start":{"line":3,"column":0},"end":{"line":3,"column":52}},"2":{"start":{"line":4,"column":0},"end":{"line":4,"column":56}},"3":{"start":{"line":5,"column":0},"end":{"line":5,"column":50}},"4":{"start":{"line":6,"column":0},"end":{"line":6,"column":50}},"5":{"start":{"line":7,"column":0},"end":{"line":7,"column":50}},"6":{"start":{"line":10,"column":50},"end":{"line":48,"column":1}},"7":{"start":{"line":11,"column":2},"end":{"line":47,"column":4}},"8":{"start":{"line":24,"column":30},"end":{"line":24,"column":53}},"9":{"start":{"line":50,"column":0},"end":{"line":50,"column":28}}},"fnMap":{"0":{"name":"(anonymous_1)","decl":{"start":{"line":10,"column":50},"end":{"line":10,"column":51}},"loc":{"start":{"line":10,"column":88},"end":{"line":48,"column":1}}},"1":{"name":"(anonymous_2)","decl":{"start":{"line":24,"column":19},"end":{"line":24,"column":20}},"loc":{"start":{"line":24,"column":30},"end":{"line":24,"column":53}}}},"branchMap":{"0":{"loc":{"start":{"line":31,"column":9},"end":{"line":43,"column":null}},"type":"binary-expr","locations":[{"start":{"line":31,"column":9},"end":{"line":31,"column":23}},{"start":{"line":32,"column":10},"end":{"line":42,"column":null}}]},"1":{"loc":{"start":{"line":39,"column":53},"end":{"line":39,"column":98}},"type":"cond-expr","locations":[{"start":{"line":39,"column":78},"end":{"line":39,"column":87}},{"start":{"line":39,"column":90},"end":{"line":39,"column":98}}]},"2":{"loc":{"start":{"line":41,"column":24},"end":{"line":41,"column":72}},"type":"binary-expr","locations":[{"start":{"line":41,"column":24},"end":{"line":41,"column":46}},{"start":{"line":41,"column":50},"end":{"line":41,"column":72}}]}},"s":{"0":2,"1":2,"2":2,"3":2,"4":2,"5":2,"6":2,"7":8,"8":3,"9":2},"f":{"0":8,"1":3},"b":{"0":[8,3],"1":[0,3],"2":[3,0]}}
,"/Users/danielshaw/code/DanielShaw98/Code Tests/spacex-launch-data/src/components/LaunchTable.tsx": {"path":"/Users/danielshaw/code/DanielShaw98/Code Tests/spacex-launch-data/src/components/LaunchTable.tsx","statementMap":{"0":{"start":{"line":23,"column":0},"end":{"line":23,"column":24}},"1":{"start":{"line":1,"column":0},"end":{"line":1,"column":51}},"2":{"start":{"line":2,"column":0},"end":{"line":2,"column":40}},"3":{"start":{"line":3,"column":0},"end":{"line":3,"column":40}},"4":{"start":{"line":4,"column":0},"end":{"line":4,"column":48}},"5":{"start":{"line":5,"column":0},"end":{"line":5,"column":48}},"6":{"start":{"line":6,"column":0},"end":{"line":6,"column":58}},"7":{"start":{"line":7,"column":0},"end":{"line":7,"column":48}},"8":{"start":{"line":8,"column":0},"end":{"line":8,"column":60}},"9":{"start":{"line":9,"column":0},"end":{"line":9,"column":46}},"10":{"start":{"line":10,"column":0},"end":{"line":10,"column":49}},"11":{"start":{"line":14,"column":0},"end":{"line":14,"column":42}},"12":{"start":{"line":16,"column":35},"end":{"line":21,"column":2}},"13":{"start":{"line":24,"column":34},"end":{"line":24,"column":65}},"14":{"start":{"line":25,"column":26},"end":{"line":25,"column":37}},"15":{"start":{"line":26,"column":40},"end":{"line":26,"column":52}},"16":{"start":{"line":27,"column":38},"end":{"line":27,"column":53}},"17":{"start":{"line":28,"column":46},"end":{"line":28,"column":79}},"18":{"start":{"line":30,"column":2},"end":{"line":41,"column":9}},"19":{"start":{"line":31,"column":24},"end":{"line":38,"column":5}},"20":{"start":{"line":32,"column":6},"end":{"line":37,"column":7}},"21":{"start":{"line":33,"column":21},"end":{"line":33,"column":42}},"22":{"start":{"line":34,"column":8},"end":{"line":34,"column":26}},"23":{"start":{"line":36,"column":8},"end":{"line":36,"column":57}},"24":{"start":{"line":40,"column":4},"end":{"line":40,"column":18}},"25":{"start":{"line":43,"column":27},"end":{"line":45,"column":3}},"26":{"start":{"line":44,"column":4},"end":{"line":44,"column":21}},"27":{"start":{"line":47,"column":34},"end":{"line":50,"column":3}},"28":{"start":{"line":48,"column":4},"end":{"line":48,"column":40}},"29":{"start":{"line":49,"column":4},"end":{"line":49,"column":15}},"30":{"start":{"line":52,"column":25},"end":{"line":56,"column":3}},"31":{"start":{"line":53,"column":27},"end":{"line":53,"column":88}},"32":{"start":{"line":53,"column":48},"end":{"line":53,"column":66}},"33":{"start":{"line":54,"column":4},"end":{"line":54,"column":38}},"34":{"start":{"line":55,"column":4},"end":{"line":55,"column":24}},"35":{"start":{"line":58,"column":28},"end":{"line":61,"column":3}},"36":{"start":{"line":59,"column":4},"end":{"line":59,"column":25}},"37":{"start":{"line":60,"column":4},"end":{"line":60,"column":28}},"38":{"start":{"line":63,"column":2},"end":{"line":122,"column":4}},"39":{"start":{"line":70,"column":16},"end":{"line":71,"column":null}},"40":{"start":{"line":84,"column":16},"end":{"line":88,"column":null}},"41":{"start":{"line":89,"column":33},"end":{"line":89,"column":55}},"42":{"start":{"line":93,"column":34},"end":{"line":95,"column":41}},"43":{"start":{"line":96,"column":20},"end":{"line":100,"column":22}}},"fnMap":{"0":{"name":"LaunchTable","decl":{"start":{"line":23,"column":24},"end":{"line":23,"column":35}},"loc":{"start":{"line":23,"column":35},"end":{"line":123,"column":1}}},"1":{"name":"(anonymous_2)","decl":{"start":{"line":30,"column":12},"end":{"line":30,"column":15}},"loc":{"start":{"line":30,"column":17},"end":{"line":41,"column":3}}},"2":{"name":"(anonymous_3)","decl":{"start":{"line":31,"column":24},"end":{"line":31,"column":29}},"loc":{"start":{"line":31,"column":35},"end":{"line":38,"column":5}}},"3":{"name":"(anonymous_4)","decl":{"start":{"line":43,"column":27},"end":{"line":43,"column":28}},"loc":{"start":{"line":43,"column":59},"end":{"line":45,"column":3}}},"4":{"name":"(anonymous_5)","decl":{"start":{"line":47,"column":34},"end":{"line":47,"column":35}},"loc":{"start":{"line":47,"column":81},"end":{"line":50,"column":3}}},"5":{"name":"(anonymous_6)","decl":{"start":{"line":52,"column":25},"end":{"line":52,"column":26}},"loc":{"start":{"line":52,"column":53},"end":{"line":56,"column":3}}},"6":{"name":"(anonymous_7)","decl":{"start":{"line":53,"column":41},"end":{"line":53,"column":42}},"loc":{"start":{"line":53,"column":48},"end":{"line":53,"column":66}}},"7":{"name":"(anonymous_8)","decl":{"start":{"line":58,"column":28},"end":{"line":58,"column":31}},"loc":{"start":{"line":58,"column":33},"end":{"line":61,"column":3}}},"8":{"name":"(anonymous_9)","decl":{"start":{"line":69,"column":27},"end":{"line":69,"column":28}},"loc":{"start":{"line":70,"column":16},"end":{"line":71,"column":null}}},"9":{"name":"(anonymous_10)","decl":{"start":{"line":83,"column":19},"end":{"line":83,"column":20}},"loc":{"start":{"line":84,"column":16},"end":{"line":88,"column":null}}},"10":{"name":"(anonymous_11)","decl":{"start":{"line":89,"column":27},"end":{"line":89,"column":30}},"loc":{"start":{"line":89,"column":33},"end":{"line":89,"column":55}}},"11":{"name":"(anonymous_12)","decl":{"start":{"line":92,"column":31},"end":{"line":92,"column":32}},"loc":{"start":{"line":92,"column":42},"end":{"line":101,"column":19}}}},"branchMap":{"0":{"loc":{"start":{"line":93,"column":34},"end":{"line":95,"column":41}},"type":"cond-expr","locations":[{"start":{"line":94,"column":24},"end":{"line":94,"column":70}},{"start":{"line":95,"column":24},"end":{"line":95,"column":41}}]},"1":{"loc":{"start":{"line":98,"column":25},"end":{"line":98,"column":39}},"type":"binary-expr","locations":[{"start":{"line":98,"column":25},"end":{"line":98,"column":30}},{"start":{"line":98,"column":34},"end":{"line":98,"column":39}}]}},"s":{"0":1,"1":1,"2":1,"3":1,"4":1,"5":1,"6":1,"7":1,"8":1,"9":1,"10":1,"11":1,"12":1,"13":7,"14":6,"15":6,"16":6,"17":6,"18":6,"19":3,"20":3,"21":3,"22":3,"23":0,"24":3,"25":6,"26":0,"27":6,"28":0,"29":0,"30":6,"31":1,"32":1,"33":1,"34":1,"35":6,"36":0,"37":0,"38":6,"39":24,"40":4,"41":1,"42":16,"43":16},"f":{"0":7,"1":3,"2":3,"3":0,"4":0,"5":1,"6":1,"7":0,"8":24,"9":4,"10":1,"11":16},"b":{"0":[4,12],"1":[16,0]}}
}
