TN:
SF:src/components/LaunchDialog.tsx
FN:12,(anonymous_1)
FN:19,(anonymous_2)
FN:38,(anonymous_3)
FNF:3
FNH:3
FNDA:10,(anonymous_1)
FNDA:1,(anonymous_2)
FNDA:4,(anonymous_3)
DA:2,2
DA:3,2
DA:4,2
DA:5,2
DA:6,2
DA:7,2
DA:8,2
DA:10,2
DA:12,2
DA:17,10
DA:19,10
DA:20,1
DA:21,1
DA:25,10
DA:38,4
DA:91,2
LF:16
LH:16
BRDA:20,0,0,1
BRDA:52,1,0,10
BRDA:52,1,1,4
BRDA:68,2,0,0
BRDA:68,2,1,4
BRDA:71,3,0,4
BRDA:71,3,1,0
BRF:7
BRH:5
end_of_record
TN:
SF:src/components/LaunchTable.tsx
FN:23,LaunchTable
FN:31,(anonymous_8)
FN:32,(anonymous_9)
FN:53,(anonymous_10)
FN:57,(anonymous_11)
FN:64,(anonymous_12)
FN:66,(anonymous_13)
FN:72,(anonymous_14)
FN:83,(anonymous_15)
FN:97,(anonymous_16)
FN:103,(anonymous_17)
FN:106,(anonymous_18)
FNF:12
FNH:9
FNDA:9,LaunchTable
FNDA:4,(anonymous_8)
FNDA:4,(anonymous_9)
FNDA:0,(anonymous_10)
FNDA:0,(anonymous_11)
FNDA:1,(anonymous_12)
FNDA:1,(anonymous_13)
FNDA:0,(anonymous_14)
FNDA:28,(anonymous_15)
FNDA:4,(anonymous_16)
FNDA:1,(anonymous_17)
FNDA:16,(anonymous_18)
DA:1,1
DA:2,1
DA:3,1
DA:4,1
DA:5,1
DA:6,1
DA:7,1
DA:8,1
DA:9,1
DA:10,1
DA:14,1
DA:16,1
DA:23,1
DA:24,9
DA:25,8
DA:26,8
DA:27,8
DA:28,8
DA:29,8
DA:31,8
DA:32,4
DA:33,4
DA:34,4
DA:35,3
DA:37,1
DA:38,1
DA:42,4
DA:45,8
DA:46,1
DA:49,7
DA:50,0
DA:53,7
DA:54,0
DA:57,7
DA:60,0
DA:61,0
DA:64,7
DA:65,1
DA:66,1
DA:68,1
DA:69,1
DA:72,7
DA:73,0
DA:74,0
DA:77,7
DA:84,28
DA:98,4
DA:103,1
DA:108,16
DA:111,16
LF:50
LH:44
BRDA:45,0,0,1
BRDA:49,1,0,0
BRDA:108,2,0,4
BRDA:108,2,1,12
BRDA:113,3,0,16
BRDA:113,3,1,0
BRF:6
BRH:4
end_of_record
